SF:lib/pi.dart
DA:5,2
DA:6,0
DA:8,2
DA:13,2
DA:15,2
DA:16,4
DA:18,2
DA:19,2
DA:20,6
DA:22,2
DA:24,2
DA:25,2
DA:26,2
DA:27,2
DA:28,2
DA:29,6
LF:16
LH:15
end_of_record
SF:lib/power_of_two.dart
DA:5,2
DA:8,0
DA:10,2
DA:14,2
DA:15,2
DA:23,2
DA:25,2
DA:26,6
DA:29,2
DA:31,4
DA:32,2
DA:35,2
DA:37,2
DA:39,2
DA:40,2
DA:42,2
DA:45,2
DA:47,6
DA:49,2
DA:50,4
DA:51,6
DA:57,1
DA:59,3
DA:60,4
DA:61,2
DA:62,2
DA:65,0
DA:66,0
LF:28
LH:25
end_of_record
SF:lib/operation.dart
DA:1,3
DA:2,3
DA:3,3
DA:4,3
DA:5,3
DA:9,2
DA:11,2
DA:13,2
DA:15,2
LF:9
LH:9
end_of_record
SF:lib/two_digit_operation.dart
DA:6,2
DA:14,2
DA:15,2
DA:25,2
DA:27,6
DA:28,6
DA:29,2
DA:32,2
DA:34,4
DA:35,4
DA:36,2
DA:39,2
DA:41,2
DA:43,2
DA:44,2
DA:45,10
DA:46,2
DA:49,2
DA:50,2
DA:51,2
DA:52,2
DA:53,2
DA:54,6
DA:55,6
DA:58,2
DA:59,2
DA:60,10
DA:61,2
DA:67,2
DA:68,2
DA:71,2
DA:72,2
DA:73,4
DA:74,4
DA:77,2
DA:78,4
DA:79,6
DA:86,2
DA:87,6
DA:88,6
DA:90,2
DA:91,6
DA:92,6
DA:94,4
DA:95,4
DA:98,2
DA:99,1
DA:105,2
DA:107,4
DA:108,2
DA:109,6
DA:111,1
DA:112,0
DA:114,1
DA:115,0
DA:117,1
DA:118,3
LF:57
LH:55
end_of_record
SF:lib/main.dart
DA:8,0
DA:11,1
DA:13,1
DA:14,1
DA:15,1
DA:16,1
DA:17,1
DA:19,1
DA:20,1
DA:21,1
DA:22,1
DA:23,1
DA:24,1
DA:25,1
DA:26,1
DA:27,1
DA:28,1
DA:29,1
DA:33,1
DA:34,1
DA:38,1
DA:39,1
DA:43,1
DA:44,1
LF:24
LH:23
end_of_record
